{"D:\\AI-2026\\GooglePromptWar\\SSTOps\\backend\\src\\server.ts": {"path":"D:\\AI-2026\\GooglePromptWar\\SSTOps\\backend\\src\\server.ts","statementMap":{"0":{"start":{"line":1,"column":0},"end":{"line":1,"column":67}},"1":{"start":{"line":2,"column":0},"end":{"line":2,"column":24}},"2":{"start":{"line":3,"column":0},"end":{"line":3,"column":37}},"3":{"start":{"line":4,"column":0},"end":{"line":4,"column":28}},"4":{"start":{"line":5,"column":0},"end":{"line":5,"column":24}},"5":{"start":{"line":8,"column":0},"end":{"line":8,"column":44}},"6":{"start":{"line":9,"column":0},"end":{"line":9,"column":43}},"7":{"start":{"line":10,"column":0},"end":{"line":10,"column":53}},"8":{"start":{"line":11,"column":0},"end":{"line":11,"column":47}},"9":{"start":{"line":12,"column":0},"end":{"line":12,"column":43}},"10":{"start":{"line":14,"column":0},"end":{"line":14,"column":16}},"11":{"start":{"line":16,"column":12},"end":{"line":16,"column":21}},"12":{"start":{"line":107,"column":9},"end":{"line":107,"column":12}},"13":{"start":{"line":17,"column":13},"end":{"line":17,"column":37}},"14":{"start":{"line":20,"column":0},"end":{"line":20,"column":16}},"15":{"start":{"line":23,"column":0},"end":{"line":23,"column":27}},"16":{"start":{"line":24,"column":0},"end":{"line":24,"column":51}},"17":{"start":{"line":30,"column":0},"end":{"line":64,"column":3}},"18":{"start":{"line":31,"column":16},"end":{"line":31,"column":26}},"19":{"start":{"line":32,"column":2},"end":{"line":62,"column":5}},"20":{"start":{"line":33,"column":21},"end":{"line":33,"column":39}},"21":{"start":{"line":36,"column":21},"end":{"line":36,"column":63}},"22":{"start":{"line":37,"column":22},"end":{"line":37,"column":80}},"23":{"start":{"line":39,"column":19},"end":{"line":47,"column":5}},"24":{"start":{"line":40,"column":6},"end":{"line":46,"column":7}},"25":{"start":{"line":41,"column":8},"end":{"line":45,"column":9}},"26":{"start":{"line":42,"column":10},"end":{"line":42,"column":38}},"27":{"start":{"line":43,"column":15},"end":{"line":45,"column":9}},"28":{"start":{"line":44,"column":10},"end":{"line":44,"column":27}},"29":{"start":{"line":48,"column":4},"end":{"line":48,"column":21}},"30":{"start":{"line":50,"column":4},"end":{"line":61,"column":8}},"31":{"start":{"line":63,"column":2},"end":{"line":63,"column":9}},"32":{"start":{"line":67,"column":0},"end":{"line":67,"column":38}},"33":{"start":{"line":68,"column":0},"end":{"line":68,"column":37}},"34":{"start":{"line":69,"column":0},"end":{"line":69,"column":47}},"35":{"start":{"line":70,"column":0},"end":{"line":70,"column":41}},"36":{"start":{"line":71,"column":0},"end":{"line":71,"column":37}},"37":{"start":{"line":74,"column":0},"end":{"line":76,"column":3}},"38":{"start":{"line":75,"column":2},"end":{"line":75,"column":69}},"39":{"start":{"line":79,"column":21},"end":{"line":79,"column":57}},"40":{"start":{"line":80,"column":0},"end":{"line":80,"column":38}},"41":{"start":{"line":83,"column":0},"end":{"line":85,"column":3}},"42":{"start":{"line":84,"column":2},"end":{"line":84,"column":54}},"43":{"start":{"line":88,"column":0},"end":{"line":95,"column":3}},"44":{"start":{"line":89,"column":2},"end":{"line":93,"column":6}},"45":{"start":{"line":94,"column":2},"end":{"line":94,"column":81}}},"fnMap":{"0":{"name":"(anonymous_1)","decl":{"start":{"line":30,"column":8},"end":{"line":30,"column":9}},"loc":{"start":{"line":30,"column":60},"end":{"line":64,"column":1}}},"1":{"name":"(anonymous_2)","decl":{"start":{"line":32,"column":19},"end":{"line":32,"column":22}},"loc":{"start":{"line":32,"column":24},"end":{"line":62,"column":3}}},"2":{"name":"(anonymous_3)","decl":{"start":{"line":39,"column":19},"end":{"line":39,"column":20}},"loc":{"start":{"line":39,"column":32},"end":{"line":47,"column":5}}},"3":{"name":"(anonymous_4)","decl":{"start":{"line":74,"column":23},"end":{"line":74,"column":24}},"loc":{"start":{"line":74,"column":55},"end":{"line":76,"column":1}}},"4":{"name":"(anonymous_5)","decl":{"start":{"line":83,"column":13},"end":{"line":83,"column":14}},"loc":{"start":{"line":83,"column":45},"end":{"line":85,"column":1}}},"5":{"name":"(anonymous_6)","decl":{"start":{"line":88,"column":8},"end":{"line":88,"column":9}},"loc":{"start":{"line":88,"column":71},"end":{"line":95,"column":1}}}},"branchMap":{"0":{"loc":{"start":{"line":17,"column":13},"end":{"line":17,"column":37}},"type":"binary-expr","locations":[{"start":{"line":17,"column":13},"end":{"line":17,"column":29}},{"start":{"line":17,"column":33},"end":{"line":17,"column":37}}]},"1":{"loc":{"start":{"line":36,"column":47},"end":{"line":36,"column":61}},"type":"binary-expr","locations":[{"start":{"line":36,"column":47},"end":{"line":36,"column":55}},{"start":{"line":36,"column":59},"end":{"line":36,"column":61}}]},"2":{"loc":{"start":{"line":41,"column":8},"end":{"line":45,"column":9}},"type":"if","locations":[{"start":{"line":41,"column":8},"end":{"line":45,"column":9}},{"start":{"line":43,"column":15},"end":{"line":45,"column":9}}]},"3":{"loc":{"start":{"line":43,"column":15},"end":{"line":45,"column":9}},"type":"if","locations":[{"start":{"line":43,"column":15},"end":{"line":45,"column":9}}]},"4":{"loc":{"start":{"line":43,"column":19},"end":{"line":43,"column":68}},"type":"binary-expr","locations":[{"start":{"line":43,"column":19},"end":{"line":43,"column":47}},{"start":{"line":43,"column":51},"end":{"line":43,"column":68}}]},"5":{"loc":{"start":{"line":51,"column":16},"end":{"line":51,"column":56}},"type":"cond-expr","locations":[{"start":{"line":51,"column":40},"end":{"line":51,"column":47}},{"start":{"line":51,"column":50},"end":{"line":51,"column":56}}]},"6":{"loc":{"start":{"line":60,"column":19},"end":{"line":60,"column":70}},"type":"cond-expr","locations":[{"start":{"line":60,"column":50},"end":{"line":60,"column":58}},{"start":{"line":60,"column":61},"end":{"line":60,"column":70}}]}},"s":{"0":0,"1":0,"2":0,"3":0,"4":0,"5":0,"6":0,"7":0,"8":0,"9":0,"10":0,"11":0,"12":0,"13":0,"14":0,"15":0,"16":0,"17":0,"18":0,"19":0,"20":0,"21":0,"22":0,"23":0,"24":0,"25":0,"26":0,"27":0,"28":0,"29":0,"30":0,"31":0,"32":0,"33":0,"34":0,"35":0,"36":0,"37":0,"38":0,"39":0,"40":0,"41":0,"42":0,"43":0,"44":0,"45":0},"f":{"0":0,"1":0,"2":0,"3":0,"4":0,"5":0},"b":{"0":[0,0],"1":[0,0],"2":[0,0],"3":[0],"4":[0,0],"5":[0,0],"6":[0,0]}}
,"D:\\AI-2026\\GooglePromptWar\\SSTOps\\backend\\src\\routes\\fixtures.ts": {"path":"D:\\AI-2026\\GooglePromptWar\\SSTOps\\backend\\src\\routes\\fixtures.ts","statementMap":{"0":{"start":{"line":1,"column":0},"end":{"line":1,"column":52}},"1":{"start":{"line":2,"column":0},"end":{"line":2,"column":44}},"2":{"start":{"line":4,"column":15},"end":{"line":4,"column":23}},"3":{"start":{"line":10,"column":0},"end":{"line":21,"column":3}},"4":{"start":{"line":11,"column":2},"end":{"line":20,"column":3}},"5":{"start":{"line":12,"column":21},"end":{"line":12,"column":58}},"6":{"start":{"line":13,"column":28},"end":{"line":13,"column":30}},"7":{"start":{"line":14,"column":4},"end":{"line":16,"column":7}},"8":{"start":{"line":15,"column":6},"end":{"line":15,"column":51}},"9":{"start":{"line":17,"column":4},"end":{"line":17,"column":35}},"10":{"start":{"line":19,"column":4},"end":{"line":19,"column":51}},"11":{"start":{"line":27,"column":0},"end":{"line":119,"column":3}},"12":{"start":{"line":28,"column":2},"end":{"line":118,"column":3}},"13":{"start":{"line":29,"column":74},"end":{"line":29,"column":82}},"14":{"start":{"line":31,"column":4},"end":{"line":34,"column":5}},"15":{"start":{"line":32,"column":6},"end":{"line":32,"column":71}},"16":{"start":{"line":33,"column":6},"end":{"line":33,"column":13}},"17":{"start":{"line":36,"column":4},"end":{"line":39,"column":5}},"18":{"start":{"line":37,"column":6},"end":{"line":37,"column":79}},"19":{"start":{"line":38,"column":6},"end":{"line":38,"column":13}},"20":{"start":{"line":41,"column":27},"end":{"line":41,"column":31}},"21":{"start":{"line":43,"column":4},"end":{"line":110,"column":5}},"22":{"start":{"line":44,"column":6},"end":{"line":100,"column":9}},"23":{"start":{"line":45,"column":22},"end":{"line":45,"column":73}},"24":{"start":{"line":46,"column":25},"end":{"line":46,"column":53}},"25":{"start":{"line":48,"column":40},"end":{"line":48,"column":42}},"26":{"start":{"line":49,"column":8},"end":{"line":51,"column":11}},"27":{"start":{"line":50,"column":10},"end":{"line":50,"column":63}},"28":{"start":{"line":53,"column":36},"end":{"line":53,"column":38}},"29":{"start":{"line":55,"column":8},"end":{"line":75,"column":9}},"30":{"start":{"line":57,"column":10},"end":{"line":59,"column":11}},"31":{"start":{"line":58,"column":12},"end":{"line":58,"column":128}},"32":{"start":{"line":62,"column":10},"end":{"line":69,"column":11}},"33":{"start":{"line":63,"column":41},"end":{"line":64,"column":null}},"34":{"start":{"line":64,"column":14},"end":{"line":64,"column":100}},"35":{"start":{"line":64,"column":51},"end":{"line":64,"column":66}},"36":{"start":{"line":66,"column":12},"end":{"line":68,"column":13}},"37":{"start":{"line":67,"column":14},"end":{"line":67,"column":192}},"38":{"start":{"line":72,"column":10},"end":{"line":74,"column":11}},"39":{"start":{"line":73,"column":12},"end":{"line":73,"column":164}},"40":{"start":{"line":78,"column":8},"end":{"line":83,"column":9}},"41":{"start":{"line":79,"column":22},"end":{"line":79,"column":63}},"42":{"start":{"line":80,"column":11},"end":{"line":80,"column":40}},"43":{"start":{"line":81,"column":11},"end":{"line":81,"column":45}},"44":{"start":{"line":82,"column":10},"end":{"line":82,"column":20}},"45":{"start":{"line":86,"column":27},"end":{"line":86,"column":58}},"46":{"start":{"line":87,"column":8},"end":{"line":97,"column":10}},"47":{"start":{"line":99,"column":8},"end":{"line":99,"column":49}},"48":{"start":{"line":102,"column":6},"end":{"line":108,"column":7}},"49":{"start":{"line":103,"column":8},"end":{"line":106,"column":11}},"50":{"start":{"line":107,"column":8},"end":{"line":107,"column":15}},"51":{"start":{"line":109,"column":6},"end":{"line":109,"column":18}},"52":{"start":{"line":112,"column":4},"end":{"line":115,"column":7}},"53":{"start":{"line":117,"column":4},"end":{"line":117,"column":51}},"54":{"start":{"line":121,"column":0},"end":{"line":121,"column":22}}},"fnMap":{"0":{"name":"(anonymous_0)","decl":{"start":{"line":10,"column":20},"end":{"line":10,"column":25}},"loc":{"start":{"line":10,"column":73},"end":{"line":21,"column":1}}},"1":{"name":"(anonymous_1)","decl":{"start":{"line":14,"column":21},"end":{"line":14,"column":24}},"loc":{"start":{"line":14,"column":27},"end":{"line":16,"column":5}}},"2":{"name":"(anonymous_2)","decl":{"start":{"line":27,"column":23},"end":{"line":27,"column":28}},"loc":{"start":{"line":27,"column":76},"end":{"line":119,"column":1}}},"3":{"name":"(anonymous_3)","decl":{"start":{"line":44,"column":30},"end":{"line":44,"column":35}},"loc":{"start":{"line":44,"column":52},"end":{"line":100,"column":7}}},"4":{"name":"(anonymous_4)","decl":{"start":{"line":49,"column":25},"end":{"line":49,"column":28}},"loc":{"start":{"line":49,"column":31},"end":{"line":51,"column":9}}},"5":{"name":"(anonymous_5)","decl":{"start":{"line":63,"column":58},"end":{"line":63,"column":59}},"loc":{"start":{"line":64,"column":14},"end":{"line":64,"column":100}}},"6":{"name":"(anonymous_6)","decl":{"start":{"line":64,"column":36},"end":{"line":64,"column":37}},"loc":{"start":{"line":64,"column":51},"end":{"line":64,"column":66}}}},"branchMap":{"0":{"loc":{"start":{"line":31,"column":4},"end":{"line":34,"column":5}},"type":"if","locations":[{"start":{"line":31,"column":4},"end":{"line":34,"column":5}}]},"1":{"loc":{"start":{"line":31,"column":8},"end":{"line":31,"column":84}},"type":"binary-expr","locations":[{"start":{"line":31,"column":8},"end":{"line":31,"column":14}},{"start":{"line":31,"column":18},"end":{"line":31,"column":24}},{"start":{"line":31,"column":28},"end":{"line":31,"column":33}},{"start":{"line":31,"column":37},"end":{"line":31,"column":42}},{"start":{"line":31,"column":46},"end":{"line":31,"column":52}},{"start":{"line":31,"column":56},"end":{"line":31,"column":66}},{"start":{"line":31,"column":70},"end":{"line":31,"column":84}}]},"2":{"loc":{"start":{"line":36,"column":4},"end":{"line":39,"column":5}},"type":"if","locations":[{"start":{"line":36,"column":4},"end":{"line":39,"column":5}}]},"3":{"loc":{"start":{"line":57,"column":10},"end":{"line":59,"column":11}},"type":"if","locations":[{"start":{"line":57,"column":10},"end":{"line":59,"column":11}}]},"4":{"loc":{"start":{"line":57,"column":14},"end":{"line":57,"column":82}},"type":"binary-expr","locations":[{"start":{"line":57,"column":14},"end":{"line":57,"column":27}},{"start":{"line":57,"column":31},"end":{"line":57,"column":82}}]},"5":{"loc":{"start":{"line":62,"column":10},"end":{"line":69,"column":11}},"type":"if","locations":[{"start":{"line":62,"column":10},"end":{"line":69,"column":11}}]},"6":{"loc":{"start":{"line":66,"column":12},"end":{"line":68,"column":13}},"type":"if","locations":[{"start":{"line":66,"column":12},"end":{"line":68,"column":13}}]},"7":{"loc":{"start":{"line":72,"column":10},"end":{"line":74,"column":11}},"type":"if","locations":[{"start":{"line":72,"column":10},"end":{"line":74,"column":11}}]},"8":{"loc":{"start":{"line":72,"column":14},"end":{"line":72,"column":106}},"type":"binary-expr","locations":[{"start":{"line":72,"column":14},"end":{"line":72,"column":35}},{"start":{"line":72,"column":39},"end":{"line":72,"column":106}}]},"9":{"loc":{"start":{"line":78,"column":8},"end":{"line":83,"column":9}},"type":"if","locations":[{"start":{"line":78,"column":8},"end":{"line":83,"column":9}}]},"10":{"loc":{"start":{"line":102,"column":6},"end":{"line":108,"column":7}},"type":"if","locations":[{"start":{"line":102,"column":6},"end":{"line":108,"column":7}}]}},"s":{"0":0,"1":0,"2":0,"3":0,"4":0,"5":0,"6":0,"7":0,"8":0,"9":0,"10":0,"11":0,"12":0,"13":0,"14":0,"15":0,"16":0,"17":0,"18":0,"19":0,"20":0,"21":0,"22":0,"23":0,"24":0,"25":0,"26":0,"27":0,"28":0,"29":0,"30":0,"31":0,"32":0,"33":0,"34":0,"35":0,"36":0,"37":0,"38":0,"39":0,"40":0,"41":0,"42":0,"43":0,"44":0,"45":0,"46":0,"47":0,"48":0,"49":0,"50":0,"51":0,"52":0,"53":0,"54":0},"f":{"0":0,"1":0,"2":0,"3":0,"4":0,"5":0,"6":0},"b":{"0":[0],"1":[0,0,0,0,0,0,0],"2":[0],"3":[0],"4":[0,0],"5":[0],"6":[0],"7":[0],"8":[0,0],"9":[0],"10":[0]}}
,"D:\\AI-2026\\GooglePromptWar\\SSTOps\\backend\\src\\routes\\forecasting.ts": {"path":"D:\\AI-2026\\GooglePromptWar\\SSTOps\\backend\\src\\routes\\forecasting.ts","statementMap":{"0":{"start":{"line":1,"column":0},"end":{"line":1,"column":52}},"1":{"start":{"line":2,"column":0},"end":{"line":2,"column":44}},"2":{"start":{"line":4,"column":15},"end":{"line":4,"column":23}},"3":{"start":{"line":10,"column":0},"end":{"line":78,"column":3}},"4":{"start":{"line":11,"column":2},"end":{"line":77,"column":3}},"5":{"start":{"line":13,"column":28},"end":{"line":15,"column":12}},"6":{"start":{"line":18,"column":51},"end":{"line":18,"column":93}},"7":{"start":{"line":20,"column":4},"end":{"line":26,"column":7}},"8":{"start":{"line":21,"column":19},"end":{"line":21,"column":29}},"9":{"start":{"line":22,"column":19},"end":{"line":22,"column":39}},"10":{"start":{"line":23,"column":6},"end":{"line":25,"column":7}},"11":{"start":{"line":24,"column":8},"end":{"line":24,"column":31}},"12":{"start":{"line":29,"column":27},"end":{"line":29,"column":81}},"13":{"start":{"line":30,"column":25},"end":{"line":35,"column":6}},"14":{"start":{"line":38,"column":24},"end":{"line":69,"column":6}},"15":{"start":{"line":39,"column":26},"end":{"line":39,"column":73}},"16":{"start":{"line":40,"column":23},"end":{"line":40,"column":74}},"17":{"start":{"line":43,"column":52},"end":{"line":43,"column":60}},"18":{"start":{"line":44,"column":31},"end":{"line":44,"column":32}},"19":{"start":{"line":45,"column":18},"end":{"line":45,"column":23}},"20":{"start":{"line":46,"column":23},"end":{"line":46,"column":49}},"21":{"start":{"line":48,"column":6},"end":{"line":58,"column":7}},"22":{"start":{"line":49,"column":8},"end":{"line":49,"column":27}},"23":{"start":{"line":50,"column":8},"end":{"line":50,"column":21}},"24":{"start":{"line":51,"column":8},"end":{"line":51,"column":32}},"25":{"start":{"line":52,"column":8},"end":{"line":52,"column":151}},"26":{"start":{"line":53,"column":13},"end":{"line":58,"column":7}},"27":{"start":{"line":54,"column":8},"end":{"line":54,"column":25}},"28":{"start":{"line":55,"column":8},"end":{"line":55,"column":21}},"29":{"start":{"line":56,"column":8},"end":{"line":56,"column":32}},"30":{"start":{"line":57,"column":8},"end":{"line":57,"column":109}},"31":{"start":{"line":60,"column":6},"end":{"line":68,"column":8}},"32":{"start":{"line":71,"column":4},"end":{"line":74,"column":7}},"33":{"start":{"line":76,"column":4},"end":{"line":76,"column":51}},"34":{"start":{"line":80,"column":0},"end":{"line":80,"column":22}}},"fnMap":{"0":{"name":"(anonymous_0)","decl":{"start":{"line":10,"column":21},"end":{"line":10,"column":26}},"loc":{"start":{"line":10,"column":74},"end":{"line":78,"column":1}}},"1":{"name":"(anonymous_1)","decl":{"start":{"line":20,"column":28},"end":{"line":20,"column":31}},"loc":{"start":{"line":20,"column":34},"end":{"line":26,"column":5}}},"2":{"name":"(anonymous_2)","decl":{"start":{"line":38,"column":54},"end":{"line":38,"column":58}},"loc":{"start":{"line":38,"column":61},"end":{"line":69,"column":5}}}},"branchMap":{"0":{"loc":{"start":{"line":22,"column":19},"end":{"line":22,"column":39}},"type":"binary-expr","locations":[{"start":{"line":22,"column":19},"end":{"line":22,"column":28}},{"start":{"line":22,"column":32},"end":{"line":22,"column":39}}]},"1":{"loc":{"start":{"line":23,"column":6},"end":{"line":25,"column":7}},"type":"if","locations":[{"start":{"line":23,"column":6},"end":{"line":25,"column":7}}]},"2":{"loc":{"start":{"line":48,"column":6},"end":{"line":58,"column":7}},"type":"if","locations":[{"start":{"line":48,"column":6},"end":{"line":58,"column":7}},{"start":{"line":53,"column":13},"end":{"line":58,"column":7}}]},"3":{"loc":{"start":{"line":53,"column":13},"end":{"line":58,"column":7}},"type":"if","locations":[{"start":{"line":53,"column":13},"end":{"line":58,"column":7}}]}},"s":{"0":0,"1":0,"2":0,"3":0,"4":0,"5":0,"6":0,"7":0,"8":0,"9":0,"10":0,"11":0,"12":0,"13":0,"14":0,"15":0,"16":0,"17":0,"18":0,"19":0,"20":0,"21":0,"22":0,"23":0,"24":0,"25":0,"26":0,"27":0,"28":0,"29":0,"30":0,"31":0,"32":0,"33":0,"34":0},"f":{"0":0,"1":0,"2":0},"b":{"0":[0,0],"1":[0],"2":[0,0],"3":[0]}}
,"D:\\AI-2026\\GooglePromptWar\\SSTOps\\backend\\src\\routes\\gemini.ts": {"path":"D:\\AI-2026\\GooglePromptWar\\SSTOps\\backend\\src\\routes\\gemini.ts","statementMap":{"0":{"start":{"line":1,"column":0},"end":{"line":1,"column":52}},"1":{"start":{"line":2,"column":0},"end":{"line":2,"column":56}},"2":{"start":{"line":4,"column":15},"end":{"line":4,"column":23}},"3":{"start":{"line":10,"column":0},"end":{"line":24,"column":3}},"4":{"start":{"line":11,"column":2},"end":{"line":23,"column":3}},"5":{"start":{"line":12,"column":33},"end":{"line":12,"column":41}},"6":{"start":{"line":13,"column":4},"end":{"line":16,"column":5}},"7":{"start":{"line":14,"column":6},"end":{"line":14,"column":60}},"8":{"start":{"line":15,"column":6},"end":{"line":15,"column":13}},"9":{"start":{"line":18,"column":26},"end":{"line":18,"column":181}},"10":{"start":{"line":19,"column":25},"end":{"line":19,"column":64}},"11":{"start":{"line":20,"column":4},"end":{"line":20,"column":53}},"12":{"start":{"line":22,"column":4},"end":{"line":22,"column":51}},"13":{"start":{"line":30,"column":0},"end":{"line":50,"column":3}},"14":{"start":{"line":31,"column":2},"end":{"line":49,"column":3}},"15":{"start":{"line":33,"column":21},"end":{"line":36,"column":12}},"16":{"start":{"line":38,"column":33},"end":{"line":38,"column":35}},"17":{"start":{"line":39,"column":4},"end":{"line":41,"column":7}},"18":{"start":{"line":40,"column":6},"end":{"line":40,"column":37}},"19":{"start":{"line":43,"column":20},"end":{"line":43,"column":149}},"20":{"start":{"line":44,"column":20},"end":{"line":44,"column":57}},"21":{"start":{"line":46,"column":4},"end":{"line":46,"column":38}},"22":{"start":{"line":48,"column":4},"end":{"line":48,"column":51}},"23":{"start":{"line":56,"column":0},"end":{"line":78,"column":3}},"24":{"start":{"line":57,"column":2},"end":{"line":77,"column":3}},"25":{"start":{"line":58,"column":24},"end":{"line":58,"column":32}},"26":{"start":{"line":61,"column":29},"end":{"line":69,"column":6}},"27":{"start":{"line":71,"column":20},"end":{"line":71,"column":160}},"28":{"start":{"line":72,"column":23},"end":{"line":72,"column":58}},"29":{"start":{"line":74,"column":4},"end":{"line":74,"column":49}},"30":{"start":{"line":76,"column":4},"end":{"line":76,"column":51}},"31":{"start":{"line":80,"column":0},"end":{"line":80,"column":22}}},"fnMap":{"0":{"name":"(anonymous_0)","decl":{"start":{"line":10,"column":21},"end":{"line":10,"column":26}},"loc":{"start":{"line":10,"column":74},"end":{"line":24,"column":1}}},"1":{"name":"(anonymous_1)","decl":{"start":{"line":30,"column":26},"end":{"line":30,"column":31}},"loc":{"start":{"line":30,"column":79},"end":{"line":50,"column":1}}},"2":{"name":"(anonymous_2)","decl":{"start":{"line":39,"column":21},"end":{"line":39,"column":24}},"loc":{"start":{"line":39,"column":27},"end":{"line":41,"column":5}}},"3":{"name":"(anonymous_3)","decl":{"start":{"line":56,"column":23},"end":{"line":56,"column":28}},"loc":{"start":{"line":56,"column":76},"end":{"line":78,"column":1}}}},"branchMap":{"0":{"loc":{"start":{"line":13,"column":4},"end":{"line":16,"column":5}},"type":"if","locations":[{"start":{"line":13,"column":4},"end":{"line":16,"column":5}}]},"1":{"loc":{"start":{"line":18,"column":103},"end":{"line":18,"column":124}},"type":"binary-expr","locations":[{"start":{"line":18,"column":103},"end":{"line":18,"column":111}},{"start":{"line":18,"column":115},"end":{"line":18,"column":124}}]},"2":{"loc":{"start":{"line":62,"column":15},"end":{"line":62,"column":37}},"type":"binary-expr","locations":[{"start":{"line":62,"column":15},"end":{"line":62,"column":22}},{"start":{"line":62,"column":26},"end":{"line":62,"column":37}}]}},"s":{"0":0,"1":0,"2":0,"3":0,"4":0,"5":0,"6":0,"7":0,"8":0,"9":0,"10":0,"11":0,"12":0,"13":0,"14":0,"15":0,"16":0,"17":0,"18":0,"19":0,"20":0,"21":0,"22":0,"23":0,"24":0,"25":0,"26":0,"27":0,"28":0,"29":0,"30":0,"31":0},"f":{"0":0,"1":0,"2":0,"3":0},"b":{"0":[0],"1":[0,0],"2":[0,0]}}
,"D:\\AI-2026\\GooglePromptWar\\SSTOps\\backend\\src\\routes\\tickets.ts": {"path":"D:\\AI-2026\\GooglePromptWar\\SSTOps\\backend\\src\\routes\\tickets.ts","statementMap":{"0":{"start":{"line":1,"column":0},"end":{"line":1,"column":52}},"1":{"start":{"line":2,"column":0},"end":{"line":2,"column":40}},"2":{"start":{"line":3,"column":0},"end":{"line":3,"column":87}},"3":{"start":{"line":5,"column":15},"end":{"line":5,"column":23}},"4":{"start":{"line":6,"column":27},"end":{"line":6,"column":44}},"5":{"start":{"line":12,"column":0},"end":{"line":42,"column":3}},"6":{"start":{"line":13,"column":2},"end":{"line":41,"column":3}},"7":{"start":{"line":14,"column":44},"end":{"line":14,"column":52}},"8":{"start":{"line":15,"column":4},"end":{"line":18,"column":5}},"9":{"start":{"line":16,"column":6},"end":{"line":16,"column":72}},"10":{"start":{"line":17,"column":6},"end":{"line":17,"column":13}},"11":{"start":{"line":20,"column":22},"end":{"line":20,"column":52}},"12":{"start":{"line":21,"column":21},"end":{"line":21,"column":33}},"13":{"start":{"line":24,"column":29},"end":{"line":24,"column":75}},"14":{"start":{"line":26,"column":23},"end":{"line":35,"column":6}},"15":{"start":{"line":37,"column":4},"end":{"line":37,"column":36}},"16":{"start":{"line":38,"column":4},"end":{"line":38,"column":37}},"17":{"start":{"line":40,"column":4},"end":{"line":40,"column":51}},"18":{"start":{"line":48,"column":0},"end":{"line":140,"column":3}},"19":{"start":{"line":49,"column":2},"end":{"line":139,"column":3}},"20":{"start":{"line":50,"column":26},"end":{"line":50,"column":34}},"21":{"start":{"line":51,"column":4},"end":{"line":54,"column":5}},"22":{"start":{"line":52,"column":6},"end":{"line":52,"column":68}},"23":{"start":{"line":53,"column":6},"end":{"line":53,"column":13}},"24":{"start":{"line":58,"column":4},"end":{"line":63,"column":5}},"25":{"start":{"line":59,"column":6},"end":{"line":59,"column":54}},"26":{"start":{"line":61,"column":6},"end":{"line":61,"column":94}},"27":{"start":{"line":62,"column":6},"end":{"line":62,"column":13}},"28":{"start":{"line":65,"column":45},"end":{"line":65,"column":57}},"29":{"start":{"line":68,"column":4},"end":{"line":71,"column":5}},"30":{"start":{"line":69,"column":6},"end":{"line":69,"column":102}},"31":{"start":{"line":70,"column":6},"end":{"line":70,"column":13}},"32":{"start":{"line":73,"column":22},"end":{"line":73,"column":60}},"33":{"start":{"line":75,"column":4},"end":{"line":108,"column":5}},"34":{"start":{"line":76,"column":6},"end":{"line":96,"column":9}},"35":{"start":{"line":77,"column":26},"end":{"line":77,"column":58}},"36":{"start":{"line":78,"column":8},"end":{"line":82,"column":9}},"37":{"start":{"line":79,"column":22},"end":{"line":79,"column":71}},"38":{"start":{"line":80,"column":11},"end":{"line":80,"column":40}},"39":{"start":{"line":81,"column":10},"end":{"line":81,"column":20}},"40":{"start":{"line":84,"column":27},"end":{"line":84,"column":43}},"41":{"start":{"line":85,"column":8},"end":{"line":89,"column":9}},"42":{"start":{"line":86,"column":22},"end":{"line":86,"column":91}},"43":{"start":{"line":87,"column":11},"end":{"line":87,"column":40}},"44":{"start":{"line":88,"column":10},"end":{"line":88,"column":20}},"45":{"start":{"line":92,"column":8},"end":{"line":95,"column":11}},"46":{"start":{"line":98,"column":6},"end":{"line":101,"column":7}},"47":{"start":{"line":99,"column":8},"end":{"line":99,"column":55}},"48":{"start":{"line":100,"column":8},"end":{"line":100,"column":15}},"49":{"start":{"line":102,"column":6},"end":{"line":106,"column":7}},"50":{"start":{"line":103,"column":8},"end":{"line":103,"column":41}},"51":{"start":{"line":104,"column":8},"end":{"line":104,"column":55}},"52":{"start":{"line":105,"column":8},"end":{"line":105,"column":15}},"53":{"start":{"line":107,"column":6},"end":{"line":107,"column":18}},"54":{"start":{"line":111,"column":4},"end":{"line":111,"column":37}},"55":{"start":{"line":112,"column":4},"end":{"line":112,"column":74}},"56":{"start":{"line":112,"column":21},"end":{"line":112,"column":56}},"57":{"start":{"line":115,"column":25},"end":{"line":121,"column":6}},"58":{"start":{"line":123,"column":4},"end":{"line":129,"column":5}},"59":{"start":{"line":124,"column":24},"end":{"line":124,"column":63}},"60":{"start":{"line":125,"column":25},"end":{"line":125,"column":66}},"61":{"start":{"line":126,"column":6},"end":{"line":126,"column":73}},"62":{"start":{"line":128,"column":6},"end":{"line":128,"column":91}},"63":{"start":{"line":131,"column":4},"end":{"line":136,"column":7}},"64":{"start":{"line":138,"column":4},"end":{"line":138,"column":51}},"65":{"start":{"line":143,"column":2},"end":{"line":143,"column":54}},"66":{"start":{"line":146,"column":0},"end":{"line":146,"column":22}}},"fnMap":{"0":{"name":"(anonymous_9)","decl":{"start":{"line":12,"column":23},"end":{"line":12,"column":28}},"loc":{"start":{"line":12,"column":76},"end":{"line":42,"column":1}}},"1":{"name":"(anonymous_10)","decl":{"start":{"line":48,"column":21},"end":{"line":48,"column":26}},"loc":{"start":{"line":48,"column":74},"end":{"line":140,"column":1}}},"2":{"name":"(anonymous_11)","decl":{"start":{"line":76,"column":30},"end":{"line":76,"column":35}},"loc":{"start":{"line":76,"column":52},"end":{"line":96,"column":7}}},"3":{"name":"(anonymous_12)","decl":{"start":{"line":112,"column":15},"end":{"line":112,"column":18}},"loc":{"start":{"line":112,"column":21},"end":{"line":112,"column":56}}},"4":{"name":"adminFirestoreTimestamp","decl":{"start":{"line":142,"column":9},"end":{"line":142,"column":32}},"loc":{"start":{"line":142,"column":32},"end":{"line":144,"column":1}}}},"branchMap":{"0":{"loc":{"start":{"line":15,"column":4},"end":{"line":18,"column":5}},"type":"if","locations":[{"start":{"line":15,"column":4},"end":{"line":18,"column":5}}]},"1":{"loc":{"start":{"line":15,"column":8},"end":{"line":15,"column":45}},"type":"binary-expr","locations":[{"start":{"line":15,"column":8},"end":{"line":15,"column":15}},{"start":{"line":15,"column":19},"end":{"line":15,"column":27}},{"start":{"line":15,"column":31},"end":{"line":15,"column":36}},{"start":{"line":15,"column":40},"end":{"line":15,"column":45}}]},"2":{"loc":{"start":{"line":51,"column":4},"end":{"line":54,"column":5}},"type":"if","locations":[{"start":{"line":51,"column":4},"end":{"line":54,"column":5}}]},"3":{"loc":{"start":{"line":68,"column":4},"end":{"line":71,"column":5}},"type":"if","locations":[{"start":{"line":68,"column":4},"end":{"line":71,"column":5}}]},"4":{"loc":{"start":{"line":78,"column":8},"end":{"line":82,"column":9}},"type":"if","locations":[{"start":{"line":78,"column":8},"end":{"line":82,"column":9}}]},"5":{"loc":{"start":{"line":85,"column":8},"end":{"line":89,"column":9}},"type":"if","locations":[{"start":{"line":85,"column":8},"end":{"line":89,"column":9}}]},"6":{"loc":{"start":{"line":98,"column":6},"end":{"line":101,"column":7}},"type":"if","locations":[{"start":{"line":98,"column":6},"end":{"line":101,"column":7}}]},"7":{"loc":{"start":{"line":102,"column":6},"end":{"line":106,"column":7}},"type":"if","locations":[{"start":{"line":102,"column":6},"end":{"line":106,"column":7}}]}},"s":{"0":0,"1":0,"2":0,"3":0,"4":0,"5":0,"6":0,"7":0,"8":0,"9":0,"10":0,"11":0,"12":0,"13":0,"14":0,"15":0,"16":0,"17":0,"18":0,"19":0,"20":0,"21":0,"22":0,"23":0,"24":0,"25":0,"26":0,"27":0,"28":0,"29":0,"30":0,"31":0,"32":0,"33":0,"34":0,"35":0,"36":0,"37":0,"38":0,"39":0,"40":0,"41":0,"42":0,"43":0,"44":0,"45":0,"46":0,"47":0,"48":0,"49":0,"50":0,"51":0,"52":0,"53":0,"54":0,"55":0,"56":0,"57":0,"58":0,"59":0,"60":0,"61":0,"62":0,"63":0,"64":0,"65":0,"66":0},"f":{"0":0,"1":0,"2":0,"3":0,"4":0},"b":{"0":[0],"1":[0,0,0,0],"2":[0],"3":[0],"4":[0],"5":[0],"6":[0],"7":[0]}}
,"D:\\AI-2026\\GooglePromptWar\\SSTOps\\backend\\src\\routes\\vision.ts": {"path":"D:\\AI-2026\\GooglePromptWar\\SSTOps\\backend\\src\\routes\\vision.ts","statementMap":{"0":{"start":{"line":1,"column":0},"end":{"line":1,"column":52}},"1":{"start":{"line":2,"column":0},"end":{"line":2,"column":44}},"2":{"start":{"line":4,"column":15},"end":{"line":4,"column":23}},"3":{"start":{"line":11,"column":0},"end":{"line":41,"column":3}},"4":{"start":{"line":12,"column":2},"end":{"line":40,"column":3}},"5":{"start":{"line":13,"column":30},"end":{"line":13,"column":38}},"6":{"start":{"line":14,"column":4},"end":{"line":17,"column":5}},"7":{"start":{"line":15,"column":6},"end":{"line":15,"column":75}},"8":{"start":{"line":16,"column":6},"end":{"line":16,"column":13}},"9":{"start":{"line":19,"column":4},"end":{"line":22,"column":5}},"10":{"start":{"line":20,"column":6},"end":{"line":20,"column":78}},"11":{"start":{"line":21,"column":6},"end":{"line":21,"column":13}},"12":{"start":{"line":25,"column":20},"end":{"line":25,"column":58}},"13":{"start":{"line":26,"column":4},"end":{"line":30,"column":24}},"14":{"start":{"line":32,"column":4},"end":{"line":37,"column":7}},"15":{"start":{"line":39,"column":4},"end":{"line":39,"column":51}},"16":{"start":{"line":43,"column":0},"end":{"line":43,"column":22}}},"fnMap":{"0":{"name":"(anonymous_0)","decl":{"start":{"line":11,"column":22},"end":{"line":11,"column":27}},"loc":{"start":{"line":11,"column":75},"end":{"line":41,"column":1}}}},"branchMap":{"0":{"loc":{"start":{"line":14,"column":4},"end":{"line":17,"column":5}},"type":"if","locations":[{"start":{"line":14,"column":4},"end":{"line":17,"column":5}}]},"1":{"loc":{"start":{"line":14,"column":8},"end":{"line":14,"column":38}},"type":"binary-expr","locations":[{"start":{"line":14,"column":8},"end":{"line":14,"column":15}},{"start":{"line":14,"column":19},"end":{"line":14,"column":38}}]},"2":{"loc":{"start":{"line":19,"column":4},"end":{"line":22,"column":5}},"type":"if","locations":[{"start":{"line":19,"column":4},"end":{"line":22,"column":5}}]},"3":{"loc":{"start":{"line":19,"column":8},"end":{"line":19,"column":74}},"type":"binary-expr","locations":[{"start":{"line":19,"column":8},"end":{"line":19,"column":33}},{"start":{"line":19,"column":37},"end":{"line":19,"column":61}},{"start":{"line":19,"column":65},"end":{"line":19,"column":74}}]},"4":{"loc":{"start":{"line":28,"column":14},"end":{"line":28,"column":76}},"type":"cond-expr","locations":[{"start":{"line":28,"column":28},"end":{"line":28,"column":38}},{"start":{"line":28,"column":41},"end":{"line":28,"column":76}}]},"5":{"loc":{"start":{"line":28,"column":41},"end":{"line":28,"column":76}},"type":"cond-expr","locations":[{"start":{"line":28,"column":55},"end":{"line":28,"column":66}},{"start":{"line":28,"column":69},"end":{"line":28,"column":76}}]}},"s":{"0":0,"1":0,"2":0,"3":0,"4":0,"5":0,"6":0,"7":0,"8":0,"9":0,"10":0,"11":0,"12":0,"13":0,"14":0,"15":0,"16":0},"f":{"0":0},"b":{"0":[0],"1":[0,0],"2":[0],"3":[0,0,0],"4":[0,0],"5":[0,0]}}
}
